<?xml version="1.0" encoding="UTF-8"?>
<testng-results ignored="0" total="8" passed="7" failed="1" skipped="0">
  <reporter-output>
  </reporter-output>
  <suite started-at="2024-09-19T21:07:27 IST" name="Demo Cart App Resgression Test Suite" finished-at="2024-09-19T21:07:52 IST" duration-ms="24902">
    <groups>
    </groups>
    <test started-at="2024-09-19T21:07:27 IST" name="LoginPage Test" finished-at="2024-09-19T21:07:36 IST" duration-ms="8905">
      <class name="com.qa.opencart.tests.LoginPageTest">
        <test-method is-config="true" signature="setUp()[pri:0, instance:com.qa.opencart.tests.LoginPageTest@581ac8a8]" started-at="2024-09-19T21:07:27 IST" name="setUp" finished-at="2024-09-19T21:07:34 IST" duration-ms="6593" status="PASS">
          <reporter-output>
          </reporter-output>
        </test-method> <!-- setUp -->
        <test-method signature="loginPageTitleTest()[pri:1, instance:com.qa.opencart.tests.LoginPageTest@581ac8a8]" started-at="2024-09-19T21:07:34 IST" name="loginPageTitleTest" finished-at="2024-09-19T21:07:34 IST" duration-ms="73" status="PASS">
          <reporter-output>
          </reporter-output>
        </test-method> <!-- loginPageTitleTest -->
        <test-method signature="forgotpwdlinktest()[pri:2, instance:com.qa.opencart.tests.LoginPageTest@581ac8a8]" started-at="2024-09-19T21:07:34 IST" name="forgotpwdlinktest" finished-at="2024-09-19T21:07:34 IST" duration-ms="83" status="PASS">
          <reporter-output>
          </reporter-output>
        </test-method> <!-- forgotpwdlinktest -->
        <test-method signature="loginTest()[pri:3, instance:com.qa.opencart.tests.LoginPageTest@581ac8a8]" started-at="2024-09-19T21:07:34 IST" name="loginTest" finished-at="2024-09-19T21:07:36 IST" duration-ms="1661" status="PASS">
          <reporter-output>
          </reporter-output>
        </test-method> <!-- loginTest -->
        <test-method is-config="true" signature="tearDown()[pri:0, instance:com.qa.opencart.tests.LoginPageTest@581ac8a8]" started-at="2024-09-19T21:07:36 IST" name="tearDown" finished-at="2024-09-19T21:07:36 IST" duration-ms="377" status="PASS">
          <reporter-output>
          </reporter-output>
        </test-method> <!-- tearDown -->
      </class> <!-- com.qa.opencart.tests.LoginPageTest -->
    </test> <!-- LoginPage Test -->
    <test started-at="2024-09-19T21:07:36 IST" name="AccountPage Test" finished-at="2024-09-19T21:07:52 IST" duration-ms="15825">
      <class name="com.qa.opencart.tests.AccountPageTest">
        <test-method is-config="true" signature="setUp()[pri:0, instance:com.qa.opencart.tests.AccountPageTest@1de76cc7]" started-at="2024-09-19T21:07:36 IST" name="setUp" finished-at="2024-09-19T21:07:43 IST" duration-ms="6744" status="PASS">
          <reporter-output>
          </reporter-output>
        </test-method> <!-- setUp -->
        <test-method is-config="true" signature="Accsetup()[pri:0, instance:com.qa.opencart.tests.AccountPageTest@1de76cc7]" started-at="2024-09-19T21:07:43 IST" name="Accsetup" finished-at="2024-09-19T21:07:45 IST" duration-ms="1926" status="PASS">
          <reporter-output>
          </reporter-output>
        </test-method> <!-- Accsetup -->
        <test-method signature="accPagetitletest()[pri:1, instance:com.qa.opencart.tests.AccountPageTest@1de76cc7]" started-at="2024-09-19T21:07:45 IST" name="accPagetitletest" finished-at="2024-09-19T21:07:45 IST" duration-ms="82" status="PASS">
          <reporter-output>
          </reporter-output>
        </test-method> <!-- accPagetitletest -->
        <test-method signature="accPageSectionCounttest()[pri:2, instance:com.qa.opencart.tests.AccountPageTest@1de76cc7]" started-at="2024-09-19T21:07:45 IST" name="accPageSectionCounttest" finished-at="2024-09-19T21:07:45 IST" duration-ms="52" status="FAIL">
          <exception class="java.lang.AssertionError">
            <message>
              <![CDATA[accPageSectionCounttest does not match expected [5] but found [4]]]>
            </message>
            <full-stacktrace>
              <![CDATA[java.lang.AssertionError: accPageSectionCounttest does not match expected [5] but found [4]
at org.testng.Assert.fail(Assert.java:99)
at org.testng.Assert.failNotEquals(Assert.java:1037)
at org.testng.Assert.assertEqualsImpl(Assert.java:140)
at org.testng.Assert.assertEquals(Assert.java:122)
at org.testng.Assert.assertEquals(Assert.java:907)
at com.qa.opencart.tests.AccountPageTest.accPageSectionCounttest(AccountPageTest.java:28)
at java.base/jdk.internal.reflect.NativeMethodAccessorImpl.invoke0(Native Method)
at java.base/jdk.internal.reflect.NativeMethodAccessorImpl.invoke(NativeMethodAccessorImpl.java:62)
at java.base/jdk.internal.reflect.DelegatingMethodAccessorImpl.invoke(DelegatingMethodAccessorImpl.java:43)
at java.base/java.lang.reflect.Method.invoke(Method.java:566)
at org.testng.internal.MethodInvocationHelper.invokeMethod(MethodInvocationHelper.java:133)
at org.testng.internal.TestInvoker.invokeMethod(TestInvoker.java:598)
at org.testng.internal.TestInvoker.invokeTestMethod(TestInvoker.java:173)
at org.testng.internal.MethodRunner.runInSequence(MethodRunner.java:46)
at org.testng.internal.TestInvoker$MethodInvocationAgent.invoke(TestInvoker.java:824)
at org.testng.internal.TestInvoker.invokeTestMethods(TestInvoker.java:146)
at org.testng.internal.TestMethodWorker.invokeTestMethods(TestMethodWorker.java:146)
at org.testng.internal.TestMethodWorker.run(TestMethodWorker.java:128)
at java.base/java.util.ArrayList.forEach(ArrayList.java:1541)
at org.testng.TestRunner.privateRun(TestRunner.java:794)
at org.testng.TestRunner.run(TestRunner.java:596)
at org.testng.SuiteRunner.runTest(SuiteRunner.java:377)
at org.testng.SuiteRunner.runSequentially(SuiteRunner.java:371)
at org.testng.SuiteRunner.privateRun(SuiteRunner.java:332)
at org.testng.SuiteRunner.run(SuiteRunner.java:276)
at org.testng.SuiteRunnerWorker.runSuite(SuiteRunnerWorker.java:53)
at org.testng.SuiteRunnerWorker.run(SuiteRunnerWorker.java:96)
at org.testng.TestNG.runSuitesSequentially(TestNG.java:1212)
at org.testng.TestNG.runSuitesLocally(TestNG.java:1134)
at org.testng.TestNG.runSuites(TestNG.java:1063)
at org.testng.TestNG.run(TestNG.java:1031)
at org.testng.remote.AbstractRemoteTestNG.run(AbstractRemoteTestNG.java:115)
at org.testng.remote.RemoteTestNG.initAndRun(RemoteTestNG.java:251)
at org.testng.remote.RemoteTestNG.main(RemoteTestNG.java:77)
]]>
            </full-stacktrace>
          </exception> <!-- java.lang.AssertionError -->
          <reporter-output>
          </reporter-output>
        </test-method> <!-- accPageSectionCounttest -->
        <test-method signature="accPageSectionTest()[pri:3, instance:com.qa.opencart.tests.AccountPageTest@1de76cc7]" started-at="2024-09-19T21:07:45 IST" name="accPageSectionTest" finished-at="2024-09-19T21:07:45 IST" duration-ms="287" status="PASS">
          <reporter-output>
          </reporter-output>
        </test-method> <!-- accPageSectionTest -->
        <test-method signature="searchTest()[pri:4, instance:com.qa.opencart.tests.AccountPageTest@1de76cc7]" started-at="2024-09-19T21:07:45 IST" name="searchTest" finished-at="2024-09-19T21:07:48 IST" duration-ms="2960" status="PASS">
          <reporter-output>
          </reporter-output>
        </test-method> <!-- searchTest -->
        <test-method signature="selectProductTest()[pri:5, instance:com.qa.opencart.tests.AccountPageTest@1de76cc7]" started-at="2024-09-19T21:07:48 IST" name="selectProductTest" finished-at="2024-09-19T21:07:52 IST" duration-ms="3415" status="PASS">
          <reporter-output>
          </reporter-output>
        </test-method> <!-- selectProductTest -->
        <test-method is-config="true" signature="tearDown()[pri:0, instance:com.qa.opencart.tests.AccountPageTest@1de76cc7]" started-at="2024-09-19T21:07:52 IST" name="tearDown" finished-at="2024-09-19T21:07:52 IST" duration-ms="335" status="PASS">
          <reporter-output>
          </reporter-output>
        </test-method> <!-- tearDown -->
      </class> <!-- com.qa.opencart.tests.AccountPageTest -->
    </test> <!-- AccountPage Test -->
  </suite> <!-- Demo Cart App Resgression Test Suite -->
</testng-results>
